begin_densenet_nodaug_fromscratch
PyTorch Version: 0.4.1
Torchvision Version:0.2.2
 GPU mode
number of GPUS: 2
Params to learn:
	module.features.conv0.weight
	module.features.norm0.weight
	module.features.norm0.bias
	module.features.denseblock1.denselayer1.norm1.weight
	module.features.denseblock1.denselayer1.norm1.bias
	module.features.denseblock1.denselayer1.conv1.weight
	module.features.denseblock1.denselayer1.norm2.weight
	module.features.denseblock1.denselayer1.norm2.bias
	module.features.denseblock1.denselayer1.conv2.weight
	module.features.denseblock1.denselayer2.norm1.weight
	module.features.denseblock1.denselayer2.norm1.bias
	module.features.denseblock1.denselayer2.conv1.weight
	module.features.denseblock1.denselayer2.norm2.weight
	module.features.denseblock1.denselayer2.norm2.bias
	module.features.denseblock1.denselayer2.conv2.weight
	module.features.denseblock1.denselayer3.norm1.weight
	module.features.denseblock1.denselayer3.norm1.bias
	module.features.denseblock1.denselayer3.conv1.weight
	module.features.denseblock1.denselayer3.norm2.weight
	module.features.denseblock1.denselayer3.norm2.bias
	module.features.denseblock1.denselayer3.conv2.weight
	module.features.denseblock1.denselayer4.norm1.weight
	module.features.denseblock1.denselayer4.norm1.bias
	module.features.denseblock1.denselayer4.conv1.weight
	module.features.denseblock1.denselayer4.norm2.weight
	module.features.denseblock1.denselayer4.norm2.bias
	module.features.denseblock1.denselayer4.conv2.weight
	module.features.denseblock1.denselayer5.norm1.weight
	module.features.denseblock1.denselayer5.norm1.bias
	module.features.denseblock1.denselayer5.conv1.weight
	module.features.denseblock1.denselayer5.norm2.weight
	module.features.denseblock1.denselayer5.norm2.bias
	module.features.denseblock1.denselayer5.conv2.weight
	module.features.denseblock1.denselayer6.norm1.weight
	module.features.denseblock1.denselayer6.norm1.bias
	module.features.denseblock1.denselayer6.conv1.weight
	module.features.denseblock1.denselayer6.norm2.weight
	module.features.denseblock1.denselayer6.norm2.bias
	module.features.denseblock1.denselayer6.conv2.weight
	module.features.transition1.norm.weight
	module.features.transition1.norm.bias
	module.features.transition1.conv.weight
	module.features.denseblock2.denselayer1.norm1.weight
	module.features.denseblock2.denselayer1.norm1.bias
	module.features.denseblock2.denselayer1.conv1.weight
	module.features.denseblock2.denselayer1.norm2.weight
	module.features.denseblock2.denselayer1.norm2.bias
	module.features.denseblock2.denselayer1.conv2.weight
	module.features.denseblock2.denselayer2.norm1.weight
	module.features.denseblock2.denselayer2.norm1.bias
	module.features.denseblock2.denselayer2.conv1.weight
	module.features.denseblock2.denselayer2.norm2.weight
	module.features.denseblock2.denselayer2.norm2.bias
	module.features.denseblock2.denselayer2.conv2.weight
	module.features.denseblock2.denselayer3.norm1.weight
	module.features.denseblock2.denselayer3.norm1.bias
	module.features.denseblock2.denselayer3.conv1.weight
	module.features.denseblock2.denselayer3.norm2.weight
	module.features.denseblock2.denselayer3.norm2.bias
	module.features.denseblock2.denselayer3.conv2.weight
	module.features.denseblock2.denselayer4.norm1.weight
	module.features.denseblock2.denselayer4.norm1.bias
	module.features.denseblock2.denselayer4.conv1.weight
	module.features.denseblock2.denselayer4.norm2.weight
	module.features.denseblock2.denselayer4.norm2.bias
	module.features.denseblock2.denselayer4.conv2.weight
	module.features.denseblock2.denselayer5.norm1.weight
	module.features.denseblock2.denselayer5.norm1.bias
	module.features.denseblock2.denselayer5.conv1.weight
	module.features.denseblock2.denselayer5.norm2.weight
	module.features.denseblock2.denselayer5.norm2.bias
	module.features.denseblock2.denselayer5.conv2.weight
	module.features.denseblock2.denselayer6.norm1.weight
	module.features.denseblock2.denselayer6.norm1.bias
	module.features.denseblock2.denselayer6.conv1.weight
	module.features.denseblock2.denselayer6.norm2.weight
	module.features.denseblock2.denselayer6.norm2.bias
	module.features.denseblock2.denselayer6.conv2.weight
	module.features.denseblock2.denselayer7.norm1.weight
	module.features.denseblock2.denselayer7.norm1.bias
	module.features.denseblock2.denselayer7.conv1.weight
	module.features.denseblock2.denselayer7.norm2.weight
	module.features.denseblock2.denselayer7.norm2.bias
	module.features.denseblock2.denselayer7.conv2.weight
	module.features.denseblock2.denselayer8.norm1.weight
	module.features.denseblock2.denselayer8.norm1.bias
	module.features.denseblock2.denselayer8.conv1.weight
	module.features.denseblock2.denselayer8.norm2.weight
	module.features.denseblock2.denselayer8.norm2.bias
	module.features.denseblock2.denselayer8.conv2.weight
	module.features.denseblock2.denselayer9.norm1.weight
	module.features.denseblock2.denselayer9.norm1.bias
	module.features.denseblock2.denselayer9.conv1.weight
	module.features.denseblock2.denselayer9.norm2.weight
	module.features.denseblock2.denselayer9.norm2.bias
	module.features.denseblock2.denselayer9.conv2.weight
	module.features.denseblock2.denselayer10.norm1.weight
	module.features.denseblock2.denselayer10.norm1.bias
	module.features.denseblock2.denselayer10.conv1.weight
	module.features.denseblock2.denselayer10.norm2.weight
	module.features.denseblock2.denselayer10.norm2.bias
	module.features.denseblock2.denselayer10.conv2.weight
	module.features.denseblock2.denselayer11.norm1.weight
	module.features.denseblock2.denselayer11.norm1.bias
	module.features.denseblock2.denselayer11.conv1.weight
	module.features.denseblock2.denselayer11.norm2.weight
	module.features.denseblock2.denselayer11.norm2.bias
	module.features.denseblock2.denselayer11.conv2.weight
	module.features.denseblock2.denselayer12.norm1.weight
	module.features.denseblock2.denselayer12.norm1.bias
	module.features.denseblock2.denselayer12.conv1.weight
	module.features.denseblock2.denselayer12.norm2.weight
	module.features.denseblock2.denselayer12.norm2.bias
	module.features.denseblock2.denselayer12.conv2.weight
	module.features.transition2.norm.weight
	module.features.transition2.norm.bias
	module.features.transition2.conv.weight
	module.features.denseblock3.denselayer1.norm1.weight
	module.features.denseblock3.denselayer1.norm1.bias
	module.features.denseblock3.denselayer1.conv1.weight
	module.features.denseblock3.denselayer1.norm2.weight
	module.features.denseblock3.denselayer1.norm2.bias
	module.features.denseblock3.denselayer1.conv2.weight
	module.features.denseblock3.denselayer2.norm1.weight
	module.features.denseblock3.denselayer2.norm1.bias
	module.features.denseblock3.denselayer2.conv1.weight
	module.features.denseblock3.denselayer2.norm2.weight
	module.features.denseblock3.denselayer2.norm2.bias
	module.features.denseblock3.denselayer2.conv2.weight
	module.features.denseblock3.denselayer3.norm1.weight
	module.features.denseblock3.denselayer3.norm1.bias
	module.features.denseblock3.denselayer3.conv1.weight
	module.features.denseblock3.denselayer3.norm2.weight
	module.features.denseblock3.denselayer3.norm2.bias
	module.features.denseblock3.denselayer3.conv2.weight
	module.features.denseblock3.denselayer4.norm1.weight
	module.features.denseblock3.denselayer4.norm1.bias
	module.features.denseblock3.denselayer4.conv1.weight
	module.features.denseblock3.denselayer4.norm2.weight
	module.features.denseblock3.denselayer4.norm2.bias
	module.features.denseblock3.denselayer4.conv2.weight
	module.features.denseblock3.denselayer5.norm1.weight
	module.features.denseblock3.denselayer5.norm1.bias
	module.features.denseblock3.denselayer5.conv1.weight
	module.features.denseblock3.denselayer5.norm2.weight
	module.features.denseblock3.denselayer5.norm2.bias
	module.features.denseblock3.denselayer5.conv2.weight
	module.features.denseblock3.denselayer6.norm1.weight
	module.features.denseblock3.denselayer6.norm1.bias
	module.features.denseblock3.denselayer6.conv1.weight
	module.features.denseblock3.denselayer6.norm2.weight
	module.features.denseblock3.denselayer6.norm2.bias
	module.features.denseblock3.denselayer6.conv2.weight
	module.features.denseblock3.denselayer7.norm1.weight
	module.features.denseblock3.denselayer7.norm1.bias
	module.features.denseblock3.denselayer7.conv1.weight
	module.features.denseblock3.denselayer7.norm2.weight
	module.features.denseblock3.denselayer7.norm2.bias
	module.features.denseblock3.denselayer7.conv2.weight
	module.features.denseblock3.denselayer8.norm1.weight
	module.features.denseblock3.denselayer8.norm1.bias
	module.features.denseblock3.denselayer8.conv1.weight
	module.features.denseblock3.denselayer8.norm2.weight
	module.features.denseblock3.denselayer8.norm2.bias
	module.features.denseblock3.denselayer8.conv2.weight
	module.features.denseblock3.denselayer9.norm1.weight
	module.features.denseblock3.denselayer9.norm1.bias
	module.features.denseblock3.denselayer9.conv1.weight
	module.features.denseblock3.denselayer9.norm2.weight
	module.features.denseblock3.denselayer9.norm2.bias
	module.features.denseblock3.denselayer9.conv2.weight
	module.features.denseblock3.denselayer10.norm1.weight
	module.features.denseblock3.denselayer10.norm1.bias
	module.features.denseblock3.denselayer10.conv1.weight
	module.features.denseblock3.denselayer10.norm2.weight
	module.features.denseblock3.denselayer10.norm2.bias
	module.features.denseblock3.denselayer10.conv2.weight
	module.features.denseblock3.denselayer11.norm1.weight
	module.features.denseblock3.denselayer11.norm1.bias
	module.features.denseblock3.denselayer11.conv1.weight
	module.features.denseblock3.denselayer11.norm2.weight
	module.features.denseblock3.denselayer11.norm2.bias
	module.features.denseblock3.denselayer11.conv2.weight
	module.features.denseblock3.denselayer12.norm1.weight
	module.features.denseblock3.denselayer12.norm1.bias
	module.features.denseblock3.denselayer12.conv1.weight
	module.features.denseblock3.denselayer12.norm2.weight
	module.features.denseblock3.denselayer12.norm2.bias
	module.features.denseblock3.denselayer12.conv2.weight
	module.features.denseblock3.denselayer13.norm1.weight
	module.features.denseblock3.denselayer13.norm1.bias
	module.features.denseblock3.denselayer13.conv1.weight
	module.features.denseblock3.denselayer13.norm2.weight
	module.features.denseblock3.denselayer13.norm2.bias
	module.features.denseblock3.denselayer13.conv2.weight
	module.features.denseblock3.denselayer14.norm1.weight
	module.features.denseblock3.denselayer14.norm1.bias
	module.features.denseblock3.denselayer14.conv1.weight
	module.features.denseblock3.denselayer14.norm2.weight
	module.features.denseblock3.denselayer14.norm2.bias
	module.features.denseblock3.denselayer14.conv2.weight
	module.features.denseblock3.denselayer15.norm1.weight
	module.features.denseblock3.denselayer15.norm1.bias
	module.features.denseblock3.denselayer15.conv1.weight
	module.features.denseblock3.denselayer15.norm2.weight
	module.features.denseblock3.denselayer15.norm2.bias
	module.features.denseblock3.denselayer15.conv2.weight
	module.features.denseblock3.denselayer16.norm1.weight
	module.features.denseblock3.denselayer16.norm1.bias
	module.features.denseblock3.denselayer16.conv1.weight
	module.features.denseblock3.denselayer16.norm2.weight
	module.features.denseblock3.denselayer16.norm2.bias
	module.features.denseblock3.denselayer16.conv2.weight
	module.features.denseblock3.denselayer17.norm1.weight
	module.features.denseblock3.denselayer17.norm1.bias
	module.features.denseblock3.denselayer17.conv1.weight
	module.features.denseblock3.denselayer17.norm2.weight
	module.features.denseblock3.denselayer17.norm2.bias
	module.features.denseblock3.denselayer17.conv2.weight
	module.features.denseblock3.denselayer18.norm1.weight
	module.features.denseblock3.denselayer18.norm1.bias
	module.features.denseblock3.denselayer18.conv1.weight
	module.features.denseblock3.denselayer18.norm2.weight
	module.features.denseblock3.denselayer18.norm2.bias
	module.features.denseblock3.denselayer18.conv2.weight
	module.features.denseblock3.denselayer19.norm1.weight
	module.features.denseblock3.denselayer19.norm1.bias
	module.features.denseblock3.denselayer19.conv1.weight
	module.features.denseblock3.denselayer19.norm2.weight
	module.features.denseblock3.denselayer19.norm2.bias
	module.features.denseblock3.denselayer19.conv2.weight
	module.features.denseblock3.denselayer20.norm1.weight
	module.features.denseblock3.denselayer20.norm1.bias
	module.features.denseblock3.denselayer20.conv1.weight
	module.features.denseblock3.denselayer20.norm2.weight
	module.features.denseblock3.denselayer20.norm2.bias
	module.features.denseblock3.denselayer20.conv2.weight
	module.features.denseblock3.denselayer21.norm1.weight
	module.features.denseblock3.denselayer21.norm1.bias
	module.features.denseblock3.denselayer21.conv1.weight
	module.features.denseblock3.denselayer21.norm2.weight
	module.features.denseblock3.denselayer21.norm2.bias
	module.features.denseblock3.denselayer21.conv2.weight
	module.features.denseblock3.denselayer22.norm1.weight
	module.features.denseblock3.denselayer22.norm1.bias
	module.features.denseblock3.denselayer22.conv1.weight
	module.features.denseblock3.denselayer22.norm2.weight
	module.features.denseblock3.denselayer22.norm2.bias
	module.features.denseblock3.denselayer22.conv2.weight
	module.features.denseblock3.denselayer23.norm1.weight
	module.features.denseblock3.denselayer23.norm1.bias
	module.features.denseblock3.denselayer23.conv1.weight
	module.features.denseblock3.denselayer23.norm2.weight
	module.features.denseblock3.denselayer23.norm2.bias
	module.features.denseblock3.denselayer23.conv2.weight
	module.features.denseblock3.denselayer24.norm1.weight
	module.features.denseblock3.denselayer24.norm1.bias
	module.features.denseblock3.denselayer24.conv1.weight
	module.features.denseblock3.denselayer24.norm2.weight
	module.features.denseblock3.denselayer24.norm2.bias
	module.features.denseblock3.denselayer24.conv2.weight
	module.features.transition3.norm.weight
	module.features.transition3.norm.bias
	module.features.transition3.conv.weight
	module.features.denseblock4.denselayer1.norm1.weight
	module.features.denseblock4.denselayer1.norm1.bias
	module.features.denseblock4.denselayer1.conv1.weight
	module.features.denseblock4.denselayer1.norm2.weight
	module.features.denseblock4.denselayer1.norm2.bias
	module.features.denseblock4.denselayer1.conv2.weight
	module.features.denseblock4.denselayer2.norm1.weight
	module.features.denseblock4.denselayer2.norm1.bias
	module.features.denseblock4.denselayer2.conv1.weight
	module.features.denseblock4.denselayer2.norm2.weight
	module.features.denseblock4.denselayer2.norm2.bias
	module.features.denseblock4.denselayer2.conv2.weight
	module.features.denseblock4.denselayer3.norm1.weight
	module.features.denseblock4.denselayer3.norm1.bias
	module.features.denseblock4.denselayer3.conv1.weight
	module.features.denseblock4.denselayer3.norm2.weight
	module.features.denseblock4.denselayer3.norm2.bias
	module.features.denseblock4.denselayer3.conv2.weight
	module.features.denseblock4.denselayer4.norm1.weight
	module.features.denseblock4.denselayer4.norm1.bias
	module.features.denseblock4.denselayer4.conv1.weight
	module.features.denseblock4.denselayer4.norm2.weight
	module.features.denseblock4.denselayer4.norm2.bias
	module.features.denseblock4.denselayer4.conv2.weight
	module.features.denseblock4.denselayer5.norm1.weight
	module.features.denseblock4.denselayer5.norm1.bias
	module.features.denseblock4.denselayer5.conv1.weight
	module.features.denseblock4.denselayer5.norm2.weight
	module.features.denseblock4.denselayer5.norm2.bias
	module.features.denseblock4.denselayer5.conv2.weight
	module.features.denseblock4.denselayer6.norm1.weight
	module.features.denseblock4.denselayer6.norm1.bias
	module.features.denseblock4.denselayer6.conv1.weight
	module.features.denseblock4.denselayer6.norm2.weight
	module.features.denseblock4.denselayer6.norm2.bias
	module.features.denseblock4.denselayer6.conv2.weight
	module.features.denseblock4.denselayer7.norm1.weight
	module.features.denseblock4.denselayer7.norm1.bias
	module.features.denseblock4.denselayer7.conv1.weight
	module.features.denseblock4.denselayer7.norm2.weight
	module.features.denseblock4.denselayer7.norm2.bias
	module.features.denseblock4.denselayer7.conv2.weight
	module.features.denseblock4.denselayer8.norm1.weight
	module.features.denseblock4.denselayer8.norm1.bias
	module.features.denseblock4.denselayer8.conv1.weight
	module.features.denseblock4.denselayer8.norm2.weight
	module.features.denseblock4.denselayer8.norm2.bias
	module.features.denseblock4.denselayer8.conv2.weight
	module.features.denseblock4.denselayer9.norm1.weight
	module.features.denseblock4.denselayer9.norm1.bias
	module.features.denseblock4.denselayer9.conv1.weight
	module.features.denseblock4.denselayer9.norm2.weight
	module.features.denseblock4.denselayer9.norm2.bias
	module.features.denseblock4.denselayer9.conv2.weight
	module.features.denseblock4.denselayer10.norm1.weight
	module.features.denseblock4.denselayer10.norm1.bias
	module.features.denseblock4.denselayer10.conv1.weight
	module.features.denseblock4.denselayer10.norm2.weight
	module.features.denseblock4.denselayer10.norm2.bias
	module.features.denseblock4.denselayer10.conv2.weight
	module.features.denseblock4.denselayer11.norm1.weight
	module.features.denseblock4.denselayer11.norm1.bias
	module.features.denseblock4.denselayer11.conv1.weight
	module.features.denseblock4.denselayer11.norm2.weight
	module.features.denseblock4.denselayer11.norm2.bias
	module.features.denseblock4.denselayer11.conv2.weight
	module.features.denseblock4.denselayer12.norm1.weight
	module.features.denseblock4.denselayer12.norm1.bias
	module.features.denseblock4.denselayer12.conv1.weight
	module.features.denseblock4.denselayer12.norm2.weight
	module.features.denseblock4.denselayer12.norm2.bias
	module.features.denseblock4.denselayer12.conv2.weight
	module.features.denseblock4.denselayer13.norm1.weight
	module.features.denseblock4.denselayer13.norm1.bias
	module.features.denseblock4.denselayer13.conv1.weight
	module.features.denseblock4.denselayer13.norm2.weight
	module.features.denseblock4.denselayer13.norm2.bias
	module.features.denseblock4.denselayer13.conv2.weight
	module.features.denseblock4.denselayer14.norm1.weight
	module.features.denseblock4.denselayer14.norm1.bias
	module.features.denseblock4.denselayer14.conv1.weight
	module.features.denseblock4.denselayer14.norm2.weight
	module.features.denseblock4.denselayer14.norm2.bias
	module.features.denseblock4.denselayer14.conv2.weight
	module.features.denseblock4.denselayer15.norm1.weight
	module.features.denseblock4.denselayer15.norm1.bias
	module.features.denseblock4.denselayer15.conv1.weight
	module.features.denseblock4.denselayer15.norm2.weight
	module.features.denseblock4.denselayer15.norm2.bias
	module.features.denseblock4.denselayer15.conv2.weight
	module.features.denseblock4.denselayer16.norm1.weight
	module.features.denseblock4.denselayer16.norm1.bias
	module.features.denseblock4.denselayer16.conv1.weight
	module.features.denseblock4.denselayer16.norm2.weight
	module.features.denseblock4.denselayer16.norm2.bias
	module.features.denseblock4.denselayer16.conv2.weight
	module.features.norm5.weight
	module.features.norm5.bias
	module.classifier.weight
	module.classifier.bias
Begin to train...
Epoch 0/99
----------
batch_size checker
Traceback (most recent call last):
  File "190502_main_densenet_nodaug.py", line 314, in <module>
    model_ft, hist = train_model(model_ft, dataloaders, criterion, optimizer_ft, num_epochs=num_epochs, is_inception=(model_name=="inception"))
  File "190502_main_densenet_nodaug.py", line 206, in train_model
    outputs = model(inputs)
  File "/home/by783/myenv/lib/python3.6/site-packages/torch/nn/modules/module.py", line 477, in __call__
    result = self.forward(*input, **kwargs)
  File "/home/by783/myenv/lib/python3.6/site-packages/torch/nn/parallel/data_parallel.py", line 123, in forward
    outputs = self.parallel_apply(replicas, inputs, kwargs)
  File "/home/by783/myenv/lib/python3.6/site-packages/torch/nn/parallel/data_parallel.py", line 133, in parallel_apply
    return parallel_apply(replicas, inputs, kwargs, self.device_ids[:len(replicas)])
  File "/home/by783/myenv/lib/python3.6/site-packages/torch/nn/parallel/parallel_apply.py", line 77, in parallel_apply
    raise output
  File "/home/by783/myenv/lib/python3.6/site-packages/torch/nn/parallel/parallel_apply.py", line 53, in _worker
    output = module(*input, **kwargs)
  File "/home/by783/myenv/lib/python3.6/site-packages/torch/nn/modules/module.py", line 477, in __call__
    result = self.forward(*input, **kwargs)
  File "/home/by783/myenv/lib/python3.6/site-packages/torchvision/models/densenet.py", line 113, in forward
    features = self.features(x)
  File "/home/by783/myenv/lib/python3.6/site-packages/torch/nn/modules/module.py", line 477, in __call__
    result = self.forward(*input, **kwargs)
  File "/home/by783/myenv/lib/python3.6/site-packages/torch/nn/modules/container.py", line 91, in forward
    input = module(input)
  File "/home/by783/myenv/lib/python3.6/site-packages/torch/nn/modules/module.py", line 477, in __call__
    result = self.forward(*input, **kwargs)
  File "/home/by783/myenv/lib/python3.6/site-packages/torch/nn/modules/container.py", line 91, in forward
    input = module(input)
  File "/home/by783/myenv/lib/python3.6/site-packages/torch/nn/modules/module.py", line 477, in __call__
    result = self.forward(*input, **kwargs)
  File "/home/by783/myenv/lib/python3.6/site-packages/torchvision/models/densenet.py", line 33, in forward
    new_features = super(_DenseLayer, self).forward(x)
  File "/home/by783/myenv/lib/python3.6/site-packages/torch/nn/modules/container.py", line 91, in forward
    input = module(input)
  File "/home/by783/myenv/lib/python3.6/site-packages/torch/nn/modules/module.py", line 477, in __call__
    result = self.forward(*input, **kwargs)
  File "/home/by783/myenv/lib/python3.6/site-packages/torch/nn/modules/batchnorm.py", line 66, in forward
    exponential_average_factor, self.eps)
  File "/home/by783/myenv/lib/python3.6/site-packages/torch/nn/functional.py", line 1254, in batch_norm
    training, momentum, eps, torch.backends.cudnn.enabled
RuntimeError: CUDA error: out of memory
