DN161_fscr_hflip
PyTorch Version: 0.4.1
Torchvision Version:0.2.2
 GPU mode
number of GPUS: 1
Params to learn:
	features.conv0.weight
	features.norm0.weight
	features.norm0.bias
	features.denseblock1.denselayer1.norm1.weight
	features.denseblock1.denselayer1.norm1.bias
	features.denseblock1.denselayer1.conv1.weight
	features.denseblock1.denselayer1.norm2.weight
	features.denseblock1.denselayer1.norm2.bias
	features.denseblock1.denselayer1.conv2.weight
	features.denseblock1.denselayer2.norm1.weight
	features.denseblock1.denselayer2.norm1.bias
	features.denseblock1.denselayer2.conv1.weight
	features.denseblock1.denselayer2.norm2.weight
	features.denseblock1.denselayer2.norm2.bias
	features.denseblock1.denselayer2.conv2.weight
	features.denseblock1.denselayer3.norm1.weight
	features.denseblock1.denselayer3.norm1.bias
	features.denseblock1.denselayer3.conv1.weight
	features.denseblock1.denselayer3.norm2.weight
	features.denseblock1.denselayer3.norm2.bias
	features.denseblock1.denselayer3.conv2.weight
	features.denseblock1.denselayer4.norm1.weight
	features.denseblock1.denselayer4.norm1.bias
	features.denseblock1.denselayer4.conv1.weight
	features.denseblock1.denselayer4.norm2.weight
	features.denseblock1.denselayer4.norm2.bias
	features.denseblock1.denselayer4.conv2.weight
	features.denseblock1.denselayer5.norm1.weight
	features.denseblock1.denselayer5.norm1.bias
	features.denseblock1.denselayer5.conv1.weight
	features.denseblock1.denselayer5.norm2.weight
	features.denseblock1.denselayer5.norm2.bias
	features.denseblock1.denselayer5.conv2.weight
	features.denseblock1.denselayer6.norm1.weight
	features.denseblock1.denselayer6.norm1.bias
	features.denseblock1.denselayer6.conv1.weight
	features.denseblock1.denselayer6.norm2.weight
	features.denseblock1.denselayer6.norm2.bias
	features.denseblock1.denselayer6.conv2.weight
	features.transition1.norm.weight
	features.transition1.norm.bias
	features.transition1.conv.weight
	features.denseblock2.denselayer1.norm1.weight
	features.denseblock2.denselayer1.norm1.bias
	features.denseblock2.denselayer1.conv1.weight
	features.denseblock2.denselayer1.norm2.weight
	features.denseblock2.denselayer1.norm2.bias
	features.denseblock2.denselayer1.conv2.weight
	features.denseblock2.denselayer2.norm1.weight
	features.denseblock2.denselayer2.norm1.bias
	features.denseblock2.denselayer2.conv1.weight
	features.denseblock2.denselayer2.norm2.weight
	features.denseblock2.denselayer2.norm2.bias
	features.denseblock2.denselayer2.conv2.weight
	features.denseblock2.denselayer3.norm1.weight
	features.denseblock2.denselayer3.norm1.bias
	features.denseblock2.denselayer3.conv1.weight
	features.denseblock2.denselayer3.norm2.weight
	features.denseblock2.denselayer3.norm2.bias
	features.denseblock2.denselayer3.conv2.weight
	features.denseblock2.denselayer4.norm1.weight
	features.denseblock2.denselayer4.norm1.bias
	features.denseblock2.denselayer4.conv1.weight
	features.denseblock2.denselayer4.norm2.weight
	features.denseblock2.denselayer4.norm2.bias
	features.denseblock2.denselayer4.conv2.weight
	features.denseblock2.denselayer5.norm1.weight
	features.denseblock2.denselayer5.norm1.bias
	features.denseblock2.denselayer5.conv1.weight
	features.denseblock2.denselayer5.norm2.weight
	features.denseblock2.denselayer5.norm2.bias
	features.denseblock2.denselayer5.conv2.weight
	features.denseblock2.denselayer6.norm1.weight
	features.denseblock2.denselayer6.norm1.bias
	features.denseblock2.denselayer6.conv1.weight
	features.denseblock2.denselayer6.norm2.weight
	features.denseblock2.denselayer6.norm2.bias
	features.denseblock2.denselayer6.conv2.weight
	features.denseblock2.denselayer7.norm1.weight
	features.denseblock2.denselayer7.norm1.bias
	features.denseblock2.denselayer7.conv1.weight
	features.denseblock2.denselayer7.norm2.weight
	features.denseblock2.denselayer7.norm2.bias
	features.denseblock2.denselayer7.conv2.weight
	features.denseblock2.denselayer8.norm1.weight
	features.denseblock2.denselayer8.norm1.bias
	features.denseblock2.denselayer8.conv1.weight
	features.denseblock2.denselayer8.norm2.weight
	features.denseblock2.denselayer8.norm2.bias
	features.denseblock2.denselayer8.conv2.weight
	features.denseblock2.denselayer9.norm1.weight
	features.denseblock2.denselayer9.norm1.bias
	features.denseblock2.denselayer9.conv1.weight
	features.denseblock2.denselayer9.norm2.weight
	features.denseblock2.denselayer9.norm2.bias
	features.denseblock2.denselayer9.conv2.weight
	features.denseblock2.denselayer10.norm1.weight
	features.denseblock2.denselayer10.norm1.bias
	features.denseblock2.denselayer10.conv1.weight
	features.denseblock2.denselayer10.norm2.weight
	features.denseblock2.denselayer10.norm2.bias
	features.denseblock2.denselayer10.conv2.weight
	features.denseblock2.denselayer11.norm1.weight
	features.denseblock2.denselayer11.norm1.bias
	features.denseblock2.denselayer11.conv1.weight
	features.denseblock2.denselayer11.norm2.weight
	features.denseblock2.denselayer11.norm2.bias
	features.denseblock2.denselayer11.conv2.weight
	features.denseblock2.denselayer12.norm1.weight
	features.denseblock2.denselayer12.norm1.bias
	features.denseblock2.denselayer12.conv1.weight
	features.denseblock2.denselayer12.norm2.weight
	features.denseblock2.denselayer12.norm2.bias
	features.denseblock2.denselayer12.conv2.weight
	features.transition2.norm.weight
	features.transition2.norm.bias
	features.transition2.conv.weight
	features.denseblock3.denselayer1.norm1.weight
	features.denseblock3.denselayer1.norm1.bias
	features.denseblock3.denselayer1.conv1.weight
	features.denseblock3.denselayer1.norm2.weight
	features.denseblock3.denselayer1.norm2.bias
	features.denseblock3.denselayer1.conv2.weight
	features.denseblock3.denselayer2.norm1.weight
	features.denseblock3.denselayer2.norm1.bias
	features.denseblock3.denselayer2.conv1.weight
	features.denseblock3.denselayer2.norm2.weight
	features.denseblock3.denselayer2.norm2.bias
	features.denseblock3.denselayer2.conv2.weight
	features.denseblock3.denselayer3.norm1.weight
	features.denseblock3.denselayer3.norm1.bias
	features.denseblock3.denselayer3.conv1.weight
	features.denseblock3.denselayer3.norm2.weight
	features.denseblock3.denselayer3.norm2.bias
	features.denseblock3.denselayer3.conv2.weight
	features.denseblock3.denselayer4.norm1.weight
	features.denseblock3.denselayer4.norm1.bias
	features.denseblock3.denselayer4.conv1.weight
	features.denseblock3.denselayer4.norm2.weight
	features.denseblock3.denselayer4.norm2.bias
	features.denseblock3.denselayer4.conv2.weight
	features.denseblock3.denselayer5.norm1.weight
	features.denseblock3.denselayer5.norm1.bias
	features.denseblock3.denselayer5.conv1.weight
	features.denseblock3.denselayer5.norm2.weight
	features.denseblock3.denselayer5.norm2.bias
	features.denseblock3.denselayer5.conv2.weight
	features.denseblock3.denselayer6.norm1.weight
	features.denseblock3.denselayer6.norm1.bias
	features.denseblock3.denselayer6.conv1.weight
	features.denseblock3.denselayer6.norm2.weight
	features.denseblock3.denselayer6.norm2.bias
	features.denseblock3.denselayer6.conv2.weight
	features.denseblock3.denselayer7.norm1.weight
	features.denseblock3.denselayer7.norm1.bias
	features.denseblock3.denselayer7.conv1.weight
	features.denseblock3.denselayer7.norm2.weight
	features.denseblock3.denselayer7.norm2.bias
	features.denseblock3.denselayer7.conv2.weight
	features.denseblock3.denselayer8.norm1.weight
	features.denseblock3.denselayer8.norm1.bias
	features.denseblock3.denselayer8.conv1.weight
	features.denseblock3.denselayer8.norm2.weight
	features.denseblock3.denselayer8.norm2.bias
	features.denseblock3.denselayer8.conv2.weight
	features.denseblock3.denselayer9.norm1.weight
	features.denseblock3.denselayer9.norm1.bias
	features.denseblock3.denselayer9.conv1.weight
	features.denseblock3.denselayer9.norm2.weight
	features.denseblock3.denselayer9.norm2.bias
	features.denseblock3.denselayer9.conv2.weight
	features.denseblock3.denselayer10.norm1.weight
	features.denseblock3.denselayer10.norm1.bias
	features.denseblock3.denselayer10.conv1.weight
	features.denseblock3.denselayer10.norm2.weight
	features.denseblock3.denselayer10.norm2.bias
	features.denseblock3.denselayer10.conv2.weight
	features.denseblock3.denselayer11.norm1.weight
	features.denseblock3.denselayer11.norm1.bias
	features.denseblock3.denselayer11.conv1.weight
	features.denseblock3.denselayer11.norm2.weight
	features.denseblock3.denselayer11.norm2.bias
	features.denseblock3.denselayer11.conv2.weight
	features.denseblock3.denselayer12.norm1.weight
	features.denseblock3.denselayer12.norm1.bias
	features.denseblock3.denselayer12.conv1.weight
	features.denseblock3.denselayer12.norm2.weight
	features.denseblock3.denselayer12.norm2.bias
	features.denseblock3.denselayer12.conv2.weight
	features.denseblock3.denselayer13.norm1.weight
	features.denseblock3.denselayer13.norm1.bias
	features.denseblock3.denselayer13.conv1.weight
	features.denseblock3.denselayer13.norm2.weight
	features.denseblock3.denselayer13.norm2.bias
	features.denseblock3.denselayer13.conv2.weight
	features.denseblock3.denselayer14.norm1.weight
	features.denseblock3.denselayer14.norm1.bias
	features.denseblock3.denselayer14.conv1.weight
	features.denseblock3.denselayer14.norm2.weight
	features.denseblock3.denselayer14.norm2.bias
	features.denseblock3.denselayer14.conv2.weight
	features.denseblock3.denselayer15.norm1.weight
	features.denseblock3.denselayer15.norm1.bias
	features.denseblock3.denselayer15.conv1.weight
	features.denseblock3.denselayer15.norm2.weight
	features.denseblock3.denselayer15.norm2.bias
	features.denseblock3.denselayer15.conv2.weight
	features.denseblock3.denselayer16.norm1.weight
	features.denseblock3.denselayer16.norm1.bias
	features.denseblock3.denselayer16.conv1.weight
	features.denseblock3.denselayer16.norm2.weight
	features.denseblock3.denselayer16.norm2.bias
	features.denseblock3.denselayer16.conv2.weight
	features.denseblock3.denselayer17.norm1.weight
	features.denseblock3.denselayer17.norm1.bias
	features.denseblock3.denselayer17.conv1.weight
	features.denseblock3.denselayer17.norm2.weight
	features.denseblock3.denselayer17.norm2.bias
	features.denseblock3.denselayer17.conv2.weight
	features.denseblock3.denselayer18.norm1.weight
	features.denseblock3.denselayer18.norm1.bias
	features.denseblock3.denselayer18.conv1.weight
	features.denseblock3.denselayer18.norm2.weight
	features.denseblock3.denselayer18.norm2.bias
	features.denseblock3.denselayer18.conv2.weight
	features.denseblock3.denselayer19.norm1.weight
	features.denseblock3.denselayer19.norm1.bias
	features.denseblock3.denselayer19.conv1.weight
	features.denseblock3.denselayer19.norm2.weight
	features.denseblock3.denselayer19.norm2.bias
	features.denseblock3.denselayer19.conv2.weight
	features.denseblock3.denselayer20.norm1.weight
	features.denseblock3.denselayer20.norm1.bias
	features.denseblock3.denselayer20.conv1.weight
	features.denseblock3.denselayer20.norm2.weight
	features.denseblock3.denselayer20.norm2.bias
	features.denseblock3.denselayer20.conv2.weight
	features.denseblock3.denselayer21.norm1.weight
	features.denseblock3.denselayer21.norm1.bias
	features.denseblock3.denselayer21.conv1.weight
	features.denseblock3.denselayer21.norm2.weight
	features.denseblock3.denselayer21.norm2.bias
	features.denseblock3.denselayer21.conv2.weight
	features.denseblock3.denselayer22.norm1.weight
	features.denseblock3.denselayer22.norm1.bias
	features.denseblock3.denselayer22.conv1.weight
	features.denseblock3.denselayer22.norm2.weight
	features.denseblock3.denselayer22.norm2.bias
	features.denseblock3.denselayer22.conv2.weight
	features.denseblock3.denselayer23.norm1.weight
	features.denseblock3.denselayer23.norm1.bias
	features.denseblock3.denselayer23.conv1.weight
	features.denseblock3.denselayer23.norm2.weight
	features.denseblock3.denselayer23.norm2.bias
	features.denseblock3.denselayer23.conv2.weight
	features.denseblock3.denselayer24.norm1.weight
	features.denseblock3.denselayer24.norm1.bias
	features.denseblock3.denselayer24.conv1.weight
	features.denseblock3.denselayer24.norm2.weight
	features.denseblock3.denselayer24.norm2.bias
	features.denseblock3.denselayer24.conv2.weight
	features.denseblock3.denselayer25.norm1.weight
	features.denseblock3.denselayer25.norm1.bias
	features.denseblock3.denselayer25.conv1.weight
	features.denseblock3.denselayer25.norm2.weight
	features.denseblock3.denselayer25.norm2.bias
	features.denseblock3.denselayer25.conv2.weight
	features.denseblock3.denselayer26.norm1.weight
	features.denseblock3.denselayer26.norm1.bias
	features.denseblock3.denselayer26.conv1.weight
	features.denseblock3.denselayer26.norm2.weight
	features.denseblock3.denselayer26.norm2.bias
	features.denseblock3.denselayer26.conv2.weight
	features.denseblock3.denselayer27.norm1.weight
	features.denseblock3.denselayer27.norm1.bias
	features.denseblock3.denselayer27.conv1.weight
	features.denseblock3.denselayer27.norm2.weight
	features.denseblock3.denselayer27.norm2.bias
	features.denseblock3.denselayer27.conv2.weight
	features.denseblock3.denselayer28.norm1.weight
	features.denseblock3.denselayer28.norm1.bias
	features.denseblock3.denselayer28.conv1.weight
	features.denseblock3.denselayer28.norm2.weight
	features.denseblock3.denselayer28.norm2.bias
	features.denseblock3.denselayer28.conv2.weight
	features.denseblock3.denselayer29.norm1.weight
	features.denseblock3.denselayer29.norm1.bias
	features.denseblock3.denselayer29.conv1.weight
	features.denseblock3.denselayer29.norm2.weight
	features.denseblock3.denselayer29.norm2.bias
	features.denseblock3.denselayer29.conv2.weight
	features.denseblock3.denselayer30.norm1.weight
	features.denseblock3.denselayer30.norm1.bias
	features.denseblock3.denselayer30.conv1.weight
	features.denseblock3.denselayer30.norm2.weight
	features.denseblock3.denselayer30.norm2.bias
	features.denseblock3.denselayer30.conv2.weight
	features.denseblock3.denselayer31.norm1.weight
	features.denseblock3.denselayer31.norm1.bias
	features.denseblock3.denselayer31.conv1.weight
	features.denseblock3.denselayer31.norm2.weight
	features.denseblock3.denselayer31.norm2.bias
	features.denseblock3.denselayer31.conv2.weight
	features.denseblock3.denselayer32.norm1.weight
	features.denseblock3.denselayer32.norm1.bias
	features.denseblock3.denselayer32.conv1.weight
	features.denseblock3.denselayer32.norm2.weight
	features.denseblock3.denselayer32.norm2.bias
	features.denseblock3.denselayer32.conv2.weight
	features.denseblock3.denselayer33.norm1.weight
	features.denseblock3.denselayer33.norm1.bias
	features.denseblock3.denselayer33.conv1.weight
	features.denseblock3.denselayer33.norm2.weight
	features.denseblock3.denselayer33.norm2.bias
	features.denseblock3.denselayer33.conv2.weight
	features.denseblock3.denselayer34.norm1.weight
	features.denseblock3.denselayer34.norm1.bias
	features.denseblock3.denselayer34.conv1.weight
	features.denseblock3.denselayer34.norm2.weight
	features.denseblock3.denselayer34.norm2.bias
	features.denseblock3.denselayer34.conv2.weight
	features.denseblock3.denselayer35.norm1.weight
	features.denseblock3.denselayer35.norm1.bias
	features.denseblock3.denselayer35.conv1.weight
	features.denseblock3.denselayer35.norm2.weight
	features.denseblock3.denselayer35.norm2.bias
	features.denseblock3.denselayer35.conv2.weight
	features.denseblock3.denselayer36.norm1.weight
	features.denseblock3.denselayer36.norm1.bias
	features.denseblock3.denselayer36.conv1.weight
	features.denseblock3.denselayer36.norm2.weight
	features.denseblock3.denselayer36.norm2.bias
	features.denseblock3.denselayer36.conv2.weight
	features.transition3.norm.weight
	features.transition3.norm.bias
	features.transition3.conv.weight
	features.denseblock4.denselayer1.norm1.weight
	features.denseblock4.denselayer1.norm1.bias
	features.denseblock4.denselayer1.conv1.weight
	features.denseblock4.denselayer1.norm2.weight
	features.denseblock4.denselayer1.norm2.bias
	features.denseblock4.denselayer1.conv2.weight
	features.denseblock4.denselayer2.norm1.weight
	features.denseblock4.denselayer2.norm1.bias
	features.denseblock4.denselayer2.conv1.weight
	features.denseblock4.denselayer2.norm2.weight
	features.denseblock4.denselayer2.norm2.bias
	features.denseblock4.denselayer2.conv2.weight
	features.denseblock4.denselayer3.norm1.weight
	features.denseblock4.denselayer3.norm1.bias
	features.denseblock4.denselayer3.conv1.weight
	features.denseblock4.denselayer3.norm2.weight
	features.denseblock4.denselayer3.norm2.bias
	features.denseblock4.denselayer3.conv2.weight
	features.denseblock4.denselayer4.norm1.weight
	features.denseblock4.denselayer4.norm1.bias
	features.denseblock4.denselayer4.conv1.weight
	features.denseblock4.denselayer4.norm2.weight
	features.denseblock4.denselayer4.norm2.bias
	features.denseblock4.denselayer4.conv2.weight
	features.denseblock4.denselayer5.norm1.weight
	features.denseblock4.denselayer5.norm1.bias
	features.denseblock4.denselayer5.conv1.weight
	features.denseblock4.denselayer5.norm2.weight
	features.denseblock4.denselayer5.norm2.bias
	features.denseblock4.denselayer5.conv2.weight
	features.denseblock4.denselayer6.norm1.weight
	features.denseblock4.denselayer6.norm1.bias
	features.denseblock4.denselayer6.conv1.weight
	features.denseblock4.denselayer6.norm2.weight
	features.denseblock4.denselayer6.norm2.bias
	features.denseblock4.denselayer6.conv2.weight
	features.denseblock4.denselayer7.norm1.weight
	features.denseblock4.denselayer7.norm1.bias
	features.denseblock4.denselayer7.conv1.weight
	features.denseblock4.denselayer7.norm2.weight
	features.denseblock4.denselayer7.norm2.bias
	features.denseblock4.denselayer7.conv2.weight
	features.denseblock4.denselayer8.norm1.weight
	features.denseblock4.denselayer8.norm1.bias
	features.denseblock4.denselayer8.conv1.weight
	features.denseblock4.denselayer8.norm2.weight
	features.denseblock4.denselayer8.norm2.bias
	features.denseblock4.denselayer8.conv2.weight
	features.denseblock4.denselayer9.norm1.weight
	features.denseblock4.denselayer9.norm1.bias
	features.denseblock4.denselayer9.conv1.weight
	features.denseblock4.denselayer9.norm2.weight
	features.denseblock4.denselayer9.norm2.bias
	features.denseblock4.denselayer9.conv2.weight
	features.denseblock4.denselayer10.norm1.weight
	features.denseblock4.denselayer10.norm1.bias
	features.denseblock4.denselayer10.conv1.weight
	features.denseblock4.denselayer10.norm2.weight
	features.denseblock4.denselayer10.norm2.bias
	features.denseblock4.denselayer10.conv2.weight
	features.denseblock4.denselayer11.norm1.weight
	features.denseblock4.denselayer11.norm1.bias
	features.denseblock4.denselayer11.conv1.weight
	features.denseblock4.denselayer11.norm2.weight
	features.denseblock4.denselayer11.norm2.bias
	features.denseblock4.denselayer11.conv2.weight
	features.denseblock4.denselayer12.norm1.weight
	features.denseblock4.denselayer12.norm1.bias
	features.denseblock4.denselayer12.conv1.weight
	features.denseblock4.denselayer12.norm2.weight
	features.denseblock4.denselayer12.norm2.bias
	features.denseblock4.denselayer12.conv2.weight
	features.denseblock4.denselayer13.norm1.weight
	features.denseblock4.denselayer13.norm1.bias
	features.denseblock4.denselayer13.conv1.weight
	features.denseblock4.denselayer13.norm2.weight
	features.denseblock4.denselayer13.norm2.bias
	features.denseblock4.denselayer13.conv2.weight
	features.denseblock4.denselayer14.norm1.weight
	features.denseblock4.denselayer14.norm1.bias
	features.denseblock4.denselayer14.conv1.weight
	features.denseblock4.denselayer14.norm2.weight
	features.denseblock4.denselayer14.norm2.bias
	features.denseblock4.denselayer14.conv2.weight
	features.denseblock4.denselayer15.norm1.weight
	features.denseblock4.denselayer15.norm1.bias
	features.denseblock4.denselayer15.conv1.weight
	features.denseblock4.denselayer15.norm2.weight
	features.denseblock4.denselayer15.norm2.bias
	features.denseblock4.denselayer15.conv2.weight
	features.denseblock4.denselayer16.norm1.weight
	features.denseblock4.denselayer16.norm1.bias
	features.denseblock4.denselayer16.conv1.weight
	features.denseblock4.denselayer16.norm2.weight
	features.denseblock4.denselayer16.norm2.bias
	features.denseblock4.denselayer16.conv2.weight
	features.denseblock4.denselayer17.norm1.weight
	features.denseblock4.denselayer17.norm1.bias
	features.denseblock4.denselayer17.conv1.weight
	features.denseblock4.denselayer17.norm2.weight
	features.denseblock4.denselayer17.norm2.bias
	features.denseblock4.denselayer17.conv2.weight
	features.denseblock4.denselayer18.norm1.weight
	features.denseblock4.denselayer18.norm1.bias
	features.denseblock4.denselayer18.conv1.weight
	features.denseblock4.denselayer18.norm2.weight
	features.denseblock4.denselayer18.norm2.bias
	features.denseblock4.denselayer18.conv2.weight
	features.denseblock4.denselayer19.norm1.weight
	features.denseblock4.denselayer19.norm1.bias
	features.denseblock4.denselayer19.conv1.weight
	features.denseblock4.denselayer19.norm2.weight
	features.denseblock4.denselayer19.norm2.bias
	features.denseblock4.denselayer19.conv2.weight
	features.denseblock4.denselayer20.norm1.weight
	features.denseblock4.denselayer20.norm1.bias
	features.denseblock4.denselayer20.conv1.weight
	features.denseblock4.denselayer20.norm2.weight
	features.denseblock4.denselayer20.norm2.bias
	features.denseblock4.denselayer20.conv2.weight
	features.denseblock4.denselayer21.norm1.weight
	features.denseblock4.denselayer21.norm1.bias
	features.denseblock4.denselayer21.conv1.weight
	features.denseblock4.denselayer21.norm2.weight
	features.denseblock4.denselayer21.norm2.bias
	features.denseblock4.denselayer21.conv2.weight
	features.denseblock4.denselayer22.norm1.weight
	features.denseblock4.denselayer22.norm1.bias
	features.denseblock4.denselayer22.conv1.weight
	features.denseblock4.denselayer22.norm2.weight
	features.denseblock4.denselayer22.norm2.bias
	features.denseblock4.denselayer22.conv2.weight
	features.denseblock4.denselayer23.norm1.weight
	features.denseblock4.denselayer23.norm1.bias
	features.denseblock4.denselayer23.conv1.weight
	features.denseblock4.denselayer23.norm2.weight
	features.denseblock4.denselayer23.norm2.bias
	features.denseblock4.denselayer23.conv2.weight
	features.denseblock4.denselayer24.norm1.weight
	features.denseblock4.denselayer24.norm1.bias
	features.denseblock4.denselayer24.conv1.weight
	features.denseblock4.denselayer24.norm2.weight
	features.denseblock4.denselayer24.norm2.bias
	features.denseblock4.denselayer24.conv2.weight
	features.norm5.weight
	features.norm5.bias
	classifier.weight
	classifier.bias
Begin to train...
Epoch 0/99
----------
batch_size checker
Traceback (most recent call last):
  File "190506_main_densenet161_fscr_hflip.py", line 318, in <module>
    model_ft, hist = train_model(model_ft, dataloaders, criterion, optimizer_ft, num_epochs=num_epochs, is_inception=(model_name=="inception"))
  File "190506_main_densenet161_fscr_hflip.py", line 208, in train_model
    outputs = model(inputs)
  File "/home/by783/myenv/lib/python3.6/site-packages/torch/nn/modules/module.py", line 477, in __call__
    result = self.forward(*input, **kwargs)
  File "/home/by783/myenv/lib/python3.6/site-packages/torchvision/models/densenet.py", line 113, in forward
    features = self.features(x)
  File "/home/by783/myenv/lib/python3.6/site-packages/torch/nn/modules/module.py", line 477, in __call__
    result = self.forward(*input, **kwargs)
  File "/home/by783/myenv/lib/python3.6/site-packages/torch/nn/modules/container.py", line 91, in forward
    input = module(input)
  File "/home/by783/myenv/lib/python3.6/site-packages/torch/nn/modules/module.py", line 477, in __call__
    result = self.forward(*input, **kwargs)
  File "/home/by783/myenv/lib/python3.6/site-packages/torch/nn/modules/batchnorm.py", line 66, in forward
    exponential_average_factor, self.eps)
  File "/home/by783/myenv/lib/python3.6/site-packages/torch/nn/functional.py", line 1254, in batch_norm
    training, momentum, eps, torch.backends.cudnn.enabled
RuntimeError: CUDA error: out of memory
