begin_raw_resnet_model
Downloading: "https://download.pytorch.org/models/resnet18-5c106cde.pth" to /home/by783/.torch/models/resnet18-5c106cde.pth
  0%|          | 0/46827520 [00:00<?, ?it/s] 16%|█▌        | 7520256/46827520 [00:00<00:00, 75162132.37it/s] 32%|███▏      | 15204352/46827520 [00:00<00:00, 75544090.83it/s] 43%|████▎     | 20054016/46827520 [00:00<00:00, 64155878.54it/s] 52%|█████▏    | 24190976/46827520 [00:00<00:00, 46861158.49it/s] 61%|██████▏   | 28704768/46827520 [00:00<00:00, 46320305.55it/s] 75%|███████▍  | 34897920/46827520 [00:00<00:00, 50099517.73it/s] 88%|████████▊ | 41426944/46827520 [00:00<00:00, 53853313.21it/s]100%|██████████| 46827520/46827520 [00:00<00:00, 57133381.65it/s]
PyTorch Version:  0.4.1
Torchvision Version:  0.2.2
GPU mode
sup_train_data.class_to_idx==sup_val_data.class_to_idx:  True
Params to learn:
	 fc.weight
	 fc.bias
Begin to train
Epoch 0/19
----------
train Loss: 6.6166 Acc: 0.0201
val Loss: 6.1334 Acc: 0.0631

Epoch 1/19
----------
train Loss: 5.7653 Acc: 0.1196
val Loss: 5.3757 Acc: 0.1736

Epoch 2/19
----------
train Loss: 5.0728 Acc: 0.2211
val Loss: 4.7729 Acc: 0.2400

Epoch 3/19
----------
train Loss: 4.5210 Acc: 0.2875
val Loss: 4.3118 Acc: 0.2859

Epoch 4/19
----------
train Loss: 4.0935 Acc: 0.3353
val Loss: 3.9547 Acc: 0.3187

Epoch 5/19
----------
train Loss: 3.7606 Acc: 0.3700
val Loss: 3.6893 Acc: 0.3430

Epoch 6/19
----------
train Loss: 3.4995 Acc: 0.3988
val Loss: 3.4842 Acc: 0.3583

Epoch 7/19
----------
train Loss: 3.2933 Acc: 0.4197
val Loss: 3.3225 Acc: 0.3702

Epoch 8/19
----------
train Loss: 3.1265 Acc: 0.4333
val Loss: 3.1968 Acc: 0.3788

Epoch 9/19
----------
train Loss: 2.9893 Acc: 0.4473
val Loss: 3.0897 Acc: 0.3877

Epoch 10/19
----------
train Loss: 2.8739 Acc: 0.4576
val Loss: 3.0081 Acc: 0.3926

Epoch 11/19
----------
train Loss: 2.7749 Acc: 0.4692
val Loss: 2.9408 Acc: 0.3970

Epoch 12/19
----------
train Loss: 2.6894 Acc: 0.4767
val Loss: 2.8902 Acc: 0.4011

Epoch 13/19
----------
train Loss: 2.6166 Acc: 0.4845
val Loss: 2.8259 Acc: 0.4062

Epoch 14/19
----------
train Loss: 2.5504 Acc: 0.4909
val Loss: 2.7977 Acc: 0.4081

Epoch 15/19
----------
train Loss: 2.4913 Acc: 0.4978
val Loss: 2.7492 Acc: 0.4119

Epoch 16/19
----------
train Loss: 2.4394 Acc: 0.5049
val Loss: 2.7126 Acc: 0.4134

Epoch 17/19
----------
train Loss: 2.3921 Acc: 0.5097
val Loss: 2.6904 Acc: 0.4150

Epoch 18/19
----------
train Loss: 2.3468 Acc: 0.5151
val Loss: 2.6627 Acc: 0.4182

Epoch 19/19
----------
train Loss: 2.3055 Acc: 0.5219
val Loss: 2.6391 Acc: 0.4200

Training complete in 927m 48s
Best val Acc: 0.419953
slurmstepd: error: The SLURM utilizes Linux cgroups for resource containment. For reference please read the explanation in the bug report: https://bugs.schedmd.com/show_bug.cgi?id=3214#c4
slurmstepd: error: The SLURM utilizes Linux cgroups for resource containment. For reference please read the explanation in the bug report: https://bugs.schedmd.com/show_bug.cgi?id=3214#c4
